2024-02-02T08:17:34,070+00:00 INFO i.g.a.s.u.ConsoleUtils Loaded stub metadata: [GET] /health
2024-02-02T08:17:34,089+00:00 INFO i.g.a.s.u.ConsoleUtils Loaded stub metadata: [GET] /rest/agile/1.0/board/1963/configuration
2024-02-02T08:17:34,100+00:00 INFO i.g.a.s.u.ConsoleUtils Loaded stub metadata: [GET] ^/rest/api/2/status/(\d+)$
2024-02-02T08:17:34,225+00:00 INFO i.g.a.s.u.ConsoleUtils Loaded stub metadata: [GET] /rest/agile/1.0/board/1963/issue?maxResults=100&startAt=0&jql=status in %28%27DONE%27%2C %27CLOSED%27%29 AND %28status changed to %27DONE%27 during %281661961600000%2C 1663171199999%29 or status changed to %27CLOSED%27 during %281661961600000%2C 1663171199999%29%29
2024-02-02T08:17:34,261+00:00 INFO i.g.a.s.u.ConsoleUtils Loaded stub metadata: [GET] /rest/agile/1.0/board/1963/issue?maxResults=100&startAt=0&jql=status changed during %281661961600000%2C 1663171199999%29
2024-02-02T08:17:34,284+00:00 INFO i.g.a.s.u.ConsoleUtils Loaded stub metadata: [GET] /rest/agile/1.0/board/1963/issue?maxResults=100&startAt=0&jql=sprint in openSprints%28%29 AND status not in %28%27DONE%27%2C%27CLOSED%27%29
2024-02-02T08:17:34,298+00:00 INFO i.g.a.s.u.ConsoleUtils Loaded stub metadata: [GET] /rest/api/2/issue/createmeta?projectKeys=PLL&expand=projects.issuetypes.fields
2024-02-02T08:17:34,300+00:00 INFO i.g.a.s.u.ConsoleUtils Loaded stub metadata: [GET] ^/rest/internal/2/issue/(PLL-\d+)/activityfeed$
2024-02-02T08:17:34,304+00:00 INFO i.g.a.s.u.ConsoleUtils Loaded stub metadata: [GET] ^/rest/internal/2/issue/(ADM-\d+)/activityfeed$
2024-02-02T08:17:34,319+00:00 INFO i.g.a.s.u.ConsoleUtils Loaded stub metadata: [GET] /user/orgs
2024-02-02T08:17:34,335+00:00 INFO i.g.a.s.u.ConsoleUtils Loaded stub metadata: [GET] /user/repos
2024-02-02T08:17:34,337+00:00 INFO i.g.a.s.u.ConsoleUtils Loaded stub metadata: [GET] ^/orgs/(XXXX-[a-zA-Z]+)/repos$
2024-02-02T08:17:34,344+00:00 INFO i.g.a.s.u.ConsoleUtils Loaded stub metadata: [GET] /repos/([\w.-]+\/[\w.-]+)/commits/(\b[0-9a-f]+\b)/pulls
2024-02-02T08:17:34,351+00:00 INFO i.g.a.s.u.ConsoleUtils Loaded stub metadata: [GET] /repos/([\w.-]+\/[\w.-]+)/pulls/(\d+)/commits
2024-02-02T08:17:34,355+00:00 INFO i.g.a.s.u.ConsoleUtils Loaded stub metadata: [GET] /repos/([\w.-]+\/[\w.-]+)/commits/(\b[0-9a-z]+\b)
2024-02-02T08:17:34,358+00:00 INFO i.g.a.s.u.ConsoleUtils Loaded stub metadata: [GET] /v2/access-token
2024-02-02T08:17:34,361+00:00 INFO i.g.a.s.u.ConsoleUtils Loaded stub metadata: [GET] /v2/organizations
2024-02-02T08:17:34,383+00:00 INFO i.g.a.s.u.ConsoleUtils Loaded stub metadata: [GET] /v2/organizations/XXXX/pipelines
2024-02-02T08:17:34,392+00:00 INFO i.g.a.s.u.ConsoleUtils Loaded stub metadata: [GET] /v2/organizations/(.*)/pipelines/(fs-platform-[a-zA-Z-]+)/builds?page=(\d+)&per_page=100
2024-02-02T08:17:34,396+00:00 INFO i.g.a.s.u.ConsoleUtils Loaded stub metadata: [POST] /api/v1/report
2024-02-02T08:17:34,400+00:00 INFO i.g.a.s.u.ConsoleUtils Loaded stub metadata: [GET] /api/v1/pipelines/.*
2024-02-02T08:17:34,403+00:00 INFO i.g.a.s.u.ConsoleUtils Loaded stub metadata: [GET] /api/v1/boards/.*
2024-02-02T08:17:34,406+00:00 INFO i.g.a.s.u.ConsoleUtils Loaded stub metadata: [GET] /api/v1/source-control.*
2024-02-02T08:17:34,449+00:00 DEBUG i.g.a.s.f.MainYamlScanner Main YAML scan enabled, watching /home/stubby4j/data/stubs.yaml.
2024-02-02T08:17:34,450+00:00 DEBUG i.g.a.s.f.ExternalFilesScanner External file scan enabled, watching external files referenced from /home/stubby4j/data/stubs.yaml.
2024-02-02T08:17:34,456+00:00 DEBUG i.g.a.s.f.MainIncludedYamlScanner Main YAML with included YAMLs scan enabled, watching included YAMLs referenced from /home/stubby4j/data/stubs.yaml.
2024-02-02T08:17:34,458+00:00 DEBUG i.g.a.s.Main stubby4j successfully started after 564 milliseconds.
2024-02-02T08:17:34,458+00:00 DEBUG i.g.a.s.Main Admin portal:
--------------------------------------------------------------------------------------------------------
 > http://0.0.0.0:8891		Admin portal
 > http://0.0.0.0:8891/status		Admin portal status


Available insecure endpoints:
--------------------------------------------------------------------------------------------------------
 > http://0.0.0.0:4323		HTTP/1.1 stubs portal
 > http://0.0.0.0:4323		HTTP/2 over TCP (h2c) stubs portal
 > ws://0.0.0.0:4323/ws		HTTP/1.1 WebSockets stubs portal


TLS layer configuration:
--------------------------------------------------------------------------------------------------------
 > Supported TLS protocol versions: [TLSv1.3, TLSv1.2] with ALPN extension on HTTP/2
 > TLS layer configured using internal self-signed certificate


Available secure endpoints:
--------------------------------------------------------------------------------------------------------
 > https://0.0.0.0:7445		HTTP/2 over TLS (h2) stubs portal

2024-02-02T08:17:34,458+00:00 INFO i.g.a.s.Main Quit: ctrl-c
